#
# A fatal error has been detected by the Java Runtime Environment:
#
#  EXCEPTION_ACCESS_VIOLATION (0xc0000005) at pc=0x000000007394a0a5, pid=196, tid=0x0000000000002e10
#
# JRE version: Java(TM) SE Runtime Environment (8.0_101-b13) (build 1.8.0_101-b13)
# Java VM: Java HotSpot(TM) 64-Bit Server VM (25.101-b13 mixed mode windows-amd64 compressed oops)
# Problematic frame:
# V  [jvm.dll+0x12a0a5]
#
# Failed to write core dump. Minidumps are not enabled by default on client versions of Windows
#
# If you would like to submit a bug report, please visit:
#   http://bugreport.java.com/bugreport/crash.jsp
#

---------------  T H R E A D  ---------------

Current thread (0x000000001c432800):  JavaThread "JDWP Transport Listener: dt_socket" daemon [_thread_in_vm, id=11792, stack(0x000000001da50000,0x000000001db50000)]

siginfo: ExceptionCode=0xc0000005, reading address 0xffffffffffffffff

Registers:
RAX=0x000000001db4f401, RBX=0x000000001c432800, RCX=0x08003b676e697200, RDX=0x0000000000000000
RSP=0x000000001db4f470, RBP=0x08003b676e697200, RSI=0x000000001db4f588, RDI=0x0000000002d28410
R8 =0x000000001c432800, R9 =0x0000000000000000, R10=0x0000000000000000, R11=0x0000000000000064
R12=0x0000000000000000, R13=0x000000001c433328, R14=0x0000000000000000, R15=0x0000000000000000
RIP=0x000000007394a0a5, EFLAGS=0x0000000000010206

Top of Stack: (sp=0x000000001db4f470)
0x000000001db4f470:   000000001c432800 000000001c432800
0x000000001db4f480:   000000001db4f538 0000000073b52f0b
0x000000001db4f490:   000000001c432800 0000000073b6f76d
0x000000001db4f4a0:   0000000000000000 00000000760b9155
0x000000001db4f4b0:   000000001de8f478 00000000760c291e
0x000000001db4f4c0:   000000001c432800 0000000000000000
0x000000001db4f4d0:   0000000000000000 0000000000000000
0x000000001db4f4e0:   08003b676e697200 00000000760c1a15
0x000000001db4f4f0:   000000001db4f588 000000001db4f560
0x000000001db4f500:   0000000000000001 000000001de8f478
0x000000001db4f510:   08003b676e697200 00000000760a53b3
0x000000001db4f520:   000000001db4f650 0000000000000001
0x000000001db4f530:   0000000000000001 000000001de8f478
0x000000001db4f540:   0000000000000008 0000000000000000
0x000000001db4f550:   0000000000000000 0000000000000000
0x000000001db4f560:   0000000000000001 00000000760a5571 

Instructions: (pc=0x000000007394a0a5)
0x000000007394a085:   cc cc cc cc cc cc cc cc cc cc cc 48 83 ec 28 48
0x000000007394a095:   85 c9 75 07 33 c0 48 83 c4 28 c3 48 89 5c 24 20
0x000000007394a0a5:   48 8b 19 48 85 db 74 20 48 83 fb 37 74 1a 48 8b
0x000000007394a0b5:   13 48 8b cb ff 52 10 84 c0 74 0d 48 8b c3 48 8b 


Register to memory mapping:

RAX=0x000000001db4f401 is pointing into the stack for thread: 0x000000001c432800
RBX=0x000000001c432800 is a thread
RCX=0x08003b676e697200 is an unknown value
RDX=0x0000000000000000 is an unknown value
RSP=0x000000001db4f470 is pointing into the stack for thread: 0x000000001c432800
RBP=0x08003b676e697200 is an unknown value
RSI=0x000000001db4f588 is pointing into the stack for thread: 0x000000001c432800
RDI=0x0000000002d28410 is an unknown value
R8 =0x000000001c432800 is a thread
R9 =0x0000000000000000 is an unknown value
R10=0x0000000000000000 is an unknown value
R11=0x0000000000000064 is an unknown value
R12=0x0000000000000000 is an unknown value
R13=0x000000001c433328 is an unknown value
R14=0x0000000000000000 is an unknown value
R15=0x0000000000000000 is an unknown value


Stack: [0x000000001da50000,0x000000001db50000],  sp=0x000000001db4f470,  free space=1021k
Native frames: (J=compiled Java code, j=interpreted, Vv=VM code, C=native code)
V  [jvm.dll+0x12a0a5]
V  [jvm.dll+0x34f76d]
C  [jdwp.dll+0x21a15]
C  [jdwp.dll+0x53b3]
C  [jdwp.dll+0x5571]
C  [jdwp.dll+0xf0a8]
C  [jdwp.dll+0x1f2d5]
C  [jdwp.dll+0x1f4aa]
V  [jvm.dll+0x1bd258]
V  [jvm.dll+0x2451a4]
V  [jvm.dll+0x29c18a]
C  [msvcr100.dll+0x21d9f]
C  [msvcr100.dll+0x21e3b]
C  [KERNEL32.DLL+0x18102]
C  [ntdll.dll+0x5c5b4]


---------------  P R O C E S S  ---------------

Java Threads: ( => current thread )
  0x000000001de7e800 JavaThread "Service Thread" daemon [_thread_blocked, id=15092, stack(0x000000001e450000,0x000000001e550000)]
  0x000000001de7b000 JavaThread "C1 CompilerThread2" daemon [_thread_blocked, id=15496, stack(0x000000001e350000,0x000000001e450000)]
  0x000000001c47e000 JavaThread "C2 CompilerThread1" daemon [_thread_blocked, id=14436, stack(0x000000001e250000,0x000000001e350000)]
  0x000000001c451000 JavaThread "C2 CompilerThread0" daemon [_thread_blocked, id=12080, stack(0x000000001dd50000,0x000000001de50000)]
  0x000000001c439000 JavaThread "JDWP Command Reader" daemon [_thread_in_native, id=14060, stack(0x000000001dc50000,0x000000001dd50000)]
  0x000000001c435800 JavaThread "JDWP Event Helper Thread" daemon [_thread_blocked, id=15480, stack(0x000000001db50000,0x000000001dc50000)]
=>0x000000001c432800 JavaThread "JDWP Transport Listener: dt_socket" daemon [_thread_in_vm, id=11792, stack(0x000000001da50000,0x000000001db50000)]
  0x000000001c41f800 JavaThread "Attach Listener" daemon [_thread_blocked, id=6408, stack(0x000000001d950000,0x000000001da50000)]
  0x0000000002e5e800 JavaThread "Signal Dispatcher" daemon [_thread_blocked, id=6088, stack(0x000000001d850000,0x000000001d950000)]
  0x000000001c40a800 JavaThread "Finalizer" daemon [_thread_blocked, id=13948, stack(0x000000001d670000,0x000000001d770000)]
  0x0000000002e52000 JavaThread "Reference Handler" daemon [_thread_blocked, id=17172, stack(0x000000001d570000,0x000000001d670000)]
  0x0000000002d62800 JavaThread "main" [_thread_blocked, id=4640, stack(0x0000000002c20000,0x0000000002d20000)]

Other Threads:
  0x000000001c3e7000 VMThread [stack: 0x000000001d470000,0x000000001d570000] [id=17088]
  0x000000001dea5800 WatcherThread [stack: 0x000000001e550000,0x000000001e650000] [id=12748]

VM state:not at safepoint (normal execution)

VM Mutex/Monitor currently owned by a thread: None

Heap:
 PSYoungGen      total 76288K, used 3932K [0x000000076b500000, 0x0000000770a00000, 0x00000007c0000000)
  eden space 65536K, 6% used [0x000000076b500000,0x000000076b8d70e0,0x000000076f500000)
  from space 10752K, 0% used [0x000000076ff80000,0x000000076ff80000,0x0000000770a00000)
  to   space 10752K, 0% used [0x000000076f500000,0x000000076f500000,0x000000076ff80000)
 ParOldGen       total 175104K, used 0K [0x00000006c1e00000, 0x00000006cc900000, 0x000000076b500000)
  object space 175104K, 0% used [0x00000006c1e00000,0x00000006c1e00000,0x00000006cc900000)
 Metaspace       used 3598K, capacity 4640K, committed 4864K, reserved 1056768K
  class space    used 412K, capacity 464K, committed 512K, reserved 1048576K

Card table byte_map: [0x0000000012220000,0x0000000012a20000] byte_map_base: 0x000000000ec11000

Marking Bits: (ParMarkBitMap*) 0x000000007403a6d0
 Begin Bits: [0x0000000013370000, 0x00000000172f8000)
 End Bits:   [0x00000000172f8000, 0x000000001b280000)

Polling page: 0x0000000001450000

CodeCache: size=245760Kb used=1232Kb max_used=1232Kb free=244527Kb
 bounds [0x0000000002e60000, 0x00000000030d0000, 0x0000000011e60000]
 total_blobs=331 nmethods=95 adapters=157
 compilation: enabled

Compilation events (10 events):
Event: 58.604 Thread 0x000000001de7b000   91       3       java.util.ArrayList::add (29 bytes)
Event: 58.604 Thread 0x000000001de7b000 nmethod 91 0x0000000002f92c90 code [0x0000000002f92e20, 0x0000000002f93348]
Event: 58.604 Thread 0x000000001de7b000   93       3       java.nio.Buffer::remaining (10 bytes)
Event: 58.605 Thread 0x000000001de7b000 nmethod 93 0x0000000002f93590 code [0x0000000002f936e0, 0x0000000002f93830]
Event: 58.605 Thread 0x000000001de7b000   92       3       java.util.ArrayList::ensureCapacityInternal (23 bytes)
Event: 58.605 Thread 0x000000001de7b000 nmethod 92 0x0000000002f93890 code [0x0000000002f93a20, 0x0000000002f93d68]
Event: 58.605 Thread 0x000000001de7b000   94       3       java.util.regex.Matcher::getTextLength (10 bytes)
Event: 58.605 Thread 0x000000001de7b000 nmethod 94 0x0000000002f93ed0 code [0x0000000002f94040, 0x0000000002f94268]
Event: 58.605 Thread 0x000000001de7b000   95       3       java.nio.Buffer::checkIndex (22 bytes)
Event: 58.605 Thread 0x000000001de7b000 nmethod 95 0x0000000002f94310 code [0x0000000002f94480, 0x0000000002f946e8]

GC Heap History (0 events):
No events

Deoptimization events (0 events):
No events

Internal exceptions (6 events):
Event: 0.069 Thread 0x0000000002d62800 Exception <a 'java/lang/NoSuchMethodError': Method sun.misc.Unsafe.defineClass(Ljava/lang/String;[BII)Ljava/lang/Class; name or signature does not match> (0x000000076b507cc0) thrown at [C:\re\workspace\8-2-build-windows-amd64-cygwin\jdk8u101\7261\hotspot\sEí¸yæ±?
Event: 0.070 Thread 0x0000000002d62800 Exception <a 'java/lang/NoSuchMethodError': Method sun.misc.Unsafe.prefetchRead(Ljava/lang/Object;J)V name or signature does not match> (0x000000076b507fa8) thrown at [C:\re\workspace\8-2-build-windows-amd64-cygwin\jdk8u101\7261\hotspot\src\share\vm\prims\®n»õGPè?
Event: 0.760 Thread 0x0000000002d62800 Exception <a 'java/security/PrivilegedActionException'> (0x000000076b5c2bf8) thrown at [C:\re\workspace\8-2-build-windows-amd64-cygwin\jdk8u101\7261\hotspot\src\share\vm\prims\jvm.cpp, line 1386]
Event: 0.760 Thread 0x0000000002d62800 Exception <a 'java/security/PrivilegedActionException'> (0x000000076b5c2ff0) thrown at [C:\re\workspace\8-2-build-windows-amd64-cygwin\jdk8u101\7261\hotspot\src\share\vm\prims\jvm.cpp, line 1386]
Event: 0.761 Thread 0x0000000002d62800 Exception <a 'java/security/PrivilegedActionException'> (0x000000076b5c70c0) thrown at [C:\re\workspace\8-2-build-windows-amd64-cygwin\jdk8u101\7261\hotspot\src\share\vm\prims\jvm.cpp, line 1386]
Event: 0.761 Thread 0x0000000002d62800 Exception <a 'java/security/PrivilegedActionException'> (0x000000076b5c74b8) thrown at [C:\re\workspace\8-2-build-windows-amd64-cygwin\jdk8u101\7261\hotspot\src\share\vm\prims\jvm.cpp, line 1386]

Events (10 events):
Event: 853.901 Executing VM operation: RedefineClasses
Event: 853.902 Executing VM operation: RedefineClasses done
Event: 853.956 Executing VM operation: GetOrSetLocal
Event: 853.956 Executing VM operation: GetOrSetLocal done
Event: 853.956 Executing VM operation: GetOrSetLocal
Event: 853.956 Executing VM operation: GetOrSetLocal done
Event: 853.956 Executing VM operation: GetOrSetLocal
Event: 853.956 Executing VM operation: GetOrSetLocal done
Event: 1298.876 Executing VM operation: RedefineClasses
Event: 1298.877 Executing VM operation: RedefineClasses done


Dynamic libraries:
0x00007ff793b60000 - 0x00007ff793b97000 	C:\Program Files\Java\jdk1.8.0_101\bin\java.exe
0x00007ffd97620000 - 0x00007ffd977e1000 	C:\Windows\SYSTEM32\ntdll.dll
0x00007ffd94b70000 - 0x00007ffd94c1d000 	C:\Windows\system32\KERNEL32.DLL
0x00007ffd93e40000 - 0x00007ffd94028000 	C:\Windows\system32\KERNELBASE.dll
0x00007ffd971e0000 - 0x00007ffd97287000 	C:\Windows\system32\ADVAPI32.dll
0x00007ffd96ce0000 - 0x00007ffd96d7d000 	C:\Windows\system32\msvcrt.dll
0x00007ffd96c60000 - 0x00007ffd96cbb000 	C:\Windows\system32\sechost.dll
0x00007ffd96d80000 - 0x00007ffd96e9c000 	C:\Windows\system32\RPCRT4.dll
0x00007ffd964a0000 - 0x00007ffd965f6000 	C:\Windows\system32\USER32.dll
0x00007ffd96f00000 - 0x00007ffd97086000 	C:\Windows\system32\GDI32.dll
0x00007ffd80cf0000 - 0x00007ffd80f64000 	C:\Windows\WinSxS\amd64_microsoft.windows.common-controls_6595b64144ccf1df_6.0.10586.0_none_8c15ae12515e1c22\COMCTL32.dll
0x00007ffd973a0000 - 0x00007ffd9761d000 	C:\Windows\system32\combase.dll
0x00007ffd94730000 - 0x00007ffd9479a000 	C:\Windows\system32\bcryptPrimitives.dll
0x00007ffd94da0000 - 0x00007ffd94ddb000 	C:\Windows\system32\IMM32.DLL
0x00007ffd80a40000 - 0x00007ffd80ae7000 	C:\Program Files\McAfee\Host Intrusion Prevention\HcApi.dll
0x0000000077800000 - 0x000000007780b000 	C:\Program Files\McAfee\Host Intrusion Prevention\HcThe.dll
0x0000000075af0000 - 0x0000000075bc2000 	C:\Program Files\Java\jdk1.8.0_101\jre\bin\msvcr100.dll
0x0000000073820000 - 0x00000000740ba000 	C:\Program Files\Java\jdk1.8.0_101\jre\bin\server\jvm.dll
0x00007ffd96c50000 - 0x00007ffd96c58000 	C:\Windows\system32\PSAPI.DLL
0x00007ffd87e10000 - 0x00007ffd87e19000 	C:\Windows\SYSTEM32\WSOCK32.dll
0x00007ffd96a30000 - 0x00007ffd96a9b000 	C:\Windows\system32\WS2_32.dll
0x00007ffd920e0000 - 0x00007ffd92103000 	C:\Windows\SYSTEM32\WINMM.dll
0x00007ffd88df0000 - 0x00007ffd88dfa000 	C:\Windows\SYSTEM32\VERSION.dll
0x00007ffd92080000 - 0x00007ffd920ac000 	C:\Windows\SYSTEM32\WINMMBASE.dll
0x00007ffd94800000 - 0x00007ffd94843000 	C:\Windows\system32\cfgmgr32.dll
0x0000000077870000 - 0x000000007787f000 	C:\Program Files\Java\jdk1.8.0_101\jre\bin\verify.dll
0x0000000076420000 - 0x0000000076449000 	C:\Program Files\Java\jdk1.8.0_101\jre\bin\java.dll
0x00000000760a0000 - 0x00000000760d5000 	C:\Program Files\Java\jdk1.8.0_101\jre\bin\jdwp.dll
0x0000000077860000 - 0x0000000077868000 	C:\Program Files\Java\jdk1.8.0_101\jre\bin\npt.dll
0x0000000077790000 - 0x00000000777a6000 	C:\Program Files\Java\jdk1.8.0_101\jre\bin\zip.dll
0x00007ffd94f40000 - 0x00007ffd9649c000 	C:\Windows\system32\SHELL32.dll
0x00007ffd94030000 - 0x00007ffd94674000 	C:\Windows\system32\windows.storage.dll
0x00007ffd94ce0000 - 0x00007ffd94d32000 	C:\Windows\system32\shlwapi.dll
0x00007ffd93cc0000 - 0x00007ffd93ccf000 	C:\Windows\system32\kernel.appcore.dll
0x00007ffd93d60000 - 0x00007ffd93e15000 	C:\Windows\system32\shcore.dll
0x00007ffd93c40000 - 0x00007ffd93c8b000 	C:\Windows\system32\powrprof.dll
0x00007ffd93c90000 - 0x00007ffd93ca4000 	C:\Windows\system32\profapi.dll
0x0000000077730000 - 0x0000000077739000 	C:\Program Files\Java\jdk1.8.0_101\jre\bin\dt_socket.dll
0x00007ffd93260000 - 0x00007ffd932bc000 	C:\Windows\system32\mswsock.dll
0x00007ffd7c550000 - 0x00007ffd7c6dc000 	C:\Windows\SYSTEM32\dbghelp.dll

VM Arguments:
jvm_args: -agentlib:jdwp=transport=dt_socket,address=127.0.0.1:61002,suspend=y,server=n -Dfile.encoding=UTF-8 
java_command: PolygonsJudgment
java_class_path (initial): C:\Program Files\Java\jdk1.8.0_101\jre\lib\charsets.jar;C:\Program Files\Java\jdk1.8.0_101\jre\lib\deploy.jar;C:\Program Files\Java\jdk1.8.0_101\jre\lib\ext\access-bridge-64.jar;C:\Program Files\Java\jdk1.8.0_101\jre\lib\ext\cldrdata.jar;C:\Program Files\Java\jdk1.8.0_101\jre\lib\ext\dnsns.jar;C:\Program Files\Java\jdk1.8.0_101\jre\lib\ext\jaccess.jar;C:\Program Files\Java\jdk1.8.0_101\jre\lib\ext\jfxrt.jar;C:\Program Files\Java\jdk1.8.0_101\jre\lib\ext\localedata.jar;C:\Program Files\Java\jdk1.8.0_101\jre\lib\ext\nashorn.jar;C:\Program Files\Java\jdk1.8.0_101\jre\lib\ext\sunec.jar;C:\Program Files\Java\jdk1.8.0_101\jre\lib\ext\sunjce_provider.jar;C:\Program Files\Java\jdk1.8.0_101\jre\lib\ext\sunmscapi.jar;C:\Program Files\Java\jdk1.8.0_101\jre\lib\ext\sunpkcs11.jar;C:\Program Files\Java\jdk1.8.0_101\jre\lib\ext\zipfs.jar;C:\Program Files\Java\jdk1.8.0_101\jre\lib\javaws.jar;C:\Program Files\Java\jdk1.8.0_101\jre\lib\jce.jar;C:\Program Files\Java\jdk1.8.0_101\jre\lib\jfr.jar;C:\Program Files\Java\jdk1.8.0_101\jre\lib\jfxswt.jar;C:\Program Files\Java\jdk1.8.0_101\jre\lib\jsse.jar;C:\Program Files\Java\jdk1.8.0_101\jre\lib\management-agent.jar;C:\Program Files\Java\jdk1.8.0_101\jre\lib\plugin.jar;C:\Program Files\Java\jdk1.8.0_101\jre\lib\resources.jar;C:\Program Files\Java\jdk1.8.0_101\jre\lib\rt.jar;C:\Users\I330347\IdeaProjects\Test\out\production\Test;C:\Users\I330347\Desktop\commons-logging-1.2\commons-logging-1.2.jar;C:\Users\I330347\Desktop\commons-httpclient-3.1.jar;C:\Users\I330347\Desktop\httpcomponents-client-4.5.2\lib\commons-codec-1.9.jar;C:\Users\I330347\Desktop\fastjson-1.2.5.jar;C:\sap\SAP HANA Database Client\ngdbc.jar;C:\JetBrains\IntelliJ IDEA 2016.1.1\lib\idea_rt.jar
Launcher Type: SUN_STANDARD

Environment Variables:
JAVA_HOME=C:\Program Files\Java\jdk1.8.0_101
CLASSPATH=.;C:\Program Files\Java\jdk1.8.0_101\lib\dt.jar;C:\Program Files\Java\jdk1.8.0_101\lib\tools.jar
PATH=C:\ProgramData\Oracle\Java\javapath;C:\Program Files\Java\jdk1.8.0_101\bin;C:\Program Files\Java\jdk1.8.0_101\jre\bin;C:\Program Files\nodejs\;C:\apache-maven-3.3.9\bin;C:\Windows\system32;C:\Users\I330347\AppData\Local\atom\bin;C:\Users\I330347\AppData\Roaming\npm
USERNAME=I330347
OS=Windows_NT
PROCESSOR_IDENTIFIER=Intel64 Family 6 Model 61 Stepping 4, GenuineIntel



---------------  S Y S T E M  ---------------

OS: Windows 10.0 , 64 bit Build 10586 (10.0.10586.0)

CPU:total 4 (2 cores per cpu, 2 threads per core) family 6 model 61 stepping 4, cmov, cx8, fxsr, mmx, sse, sse2, sse3, ssse3, sse4.1, sse4.2, popcnt, avx, avx2, aes, clmul, erms, rtm, 3dnowpref, lzcnt, ht, tsc, tscinvbit, bmi1, bmi2, adx

Memory: 4k page, physical 16649176k(12048084k free), swap 17697752k(12268344k free)

vm_info: Java HotSpot(TM) 64-Bit Server VM (25.101-b13) for windows-amd64 JRE (1.8.0_101-b13), built on Jun 22 2016 01:21:29 by "java_re" with MS VC++ 10.0 (VS2010)

time: Thu Aug 18 20:03:09 2016
elapsed time: 1298 seconds (0d 0h 21m 38s)

